2024-10-28 21:57:21,481 INFO Initialized TextModelHandler
2024-10-28 21:57:21,880 INFO Initialized with pre-trained model 'bert-base-uncased'.
2024-10-28 21:57:21,910 INFO Starting training...
2024-10-28 21:57:30,527 INFO Training completed.
2024-10-28 21:57:30,871 INFO Model saved to ./text_model
2024-10-28 21:59:35,442 INFO Initialized TextModelHandler
2024-10-28 21:59:35,935 INFO Initialized with pre-trained model 'bert-base-uncased'.
2024-10-28 21:59:35,963 INFO Starting training...
2024-10-28 21:59:44,825 INFO Training completed.
2024-10-28 21:59:45,181 INFO Model saved to ./text_model
2024-10-28 21:59:49,082 INFO Model encrypted at ./text_model
2024-10-28 22:00:28,952 INFO Initialized TextModelHandler
2024-10-28 22:00:29,340 INFO Initialized with pre-trained model 'bert-base-uncased'.
2024-10-28 22:00:29,368 INFO Starting training...
2024-10-28 22:00:37,462 INFO Training completed.
2024-10-28 22:00:38,483 INFO Model saved to ./text_model
2024-10-28 22:00:44,039 INFO Model encrypted at ./text_model
2024-10-28 22:18:07,549 INFO Initialized TextModelHandler
2024-10-28 22:18:08,044 INFO Initialized with pre-trained model 'bert-base-uncased'.
2024-10-28 22:18:08,074 INFO Starting training...
2024-10-28 22:18:16,738 INFO Training completed.
2024-10-28 22:18:17,113 INFO Model saved to ./text_model
2024-10-28 22:18:20,765 INFO Model encrypted at ./text_model
2024-10-28 22:18:22,863 INFO Model decrypted.
2024-10-28 22:18:22,937 INFO Model loaded from ./text_model
2024-10-28 22:18:23,019 INFO Prediction made.
2024-10-28 22:19:34,698 INFO Initialized TextModelHandler
2024-10-28 22:19:35,350 INFO Initialized with pre-trained model 'bert-base-uncased'.
2024-10-28 22:23:46,738 INFO Initialized TextModelHandler
2024-10-28 22:23:47,310 INFO Initialized with pre-trained model 'bert-base-uncased'.
2024-10-28 22:26:37,443 INFO Initialized TextModelHandler
2024-10-28 22:26:37,836 INFO Initialized with pre-trained model 'bert-base-uncased'.
2024-10-28 22:26:37,864 INFO Starting training...
2024-10-28 22:26:46,157 INFO Training completed.
2024-10-28 22:27:46,033 INFO Initialized TextModelHandler
2024-10-28 22:27:46,388 INFO Initialized with pre-trained model 'bert-base-uncased'.
2024-10-28 22:27:46,416 INFO Starting training...
2024-10-28 22:27:54,168 INFO Training completed.
2024-10-28 22:28:55,798 INFO Initialized TextModelHandler
2024-10-28 22:28:56,211 INFO Initialized with pre-trained model 'bert-base-uncased'.
2024-10-28 22:28:56,241 INFO Starting training...
2024-10-28 22:29:04,389 INFO Training completed.
2024-10-28 22:29:04,736 INFO Model saved to ./text_model
2024-10-28 22:29:04,885 INFO Model loaded from ./text_model
2024-10-28 22:29:04,968 INFO Prediction made.
2024-10-28 22:29:36,222 INFO Initialized TextModelHandler
2024-10-28 22:29:36,736 INFO Initialized with pre-trained model 'bert-base-uncased'.
2024-10-28 22:29:36,804 INFO Model loaded from ./text_model
2024-10-28 22:29:36,878 INFO Prediction made.
2024-10-28 22:29:36,937 INFO Prediction made.
2024-10-28 22:29:36,977 INFO Prediction made.
2024-10-28 22:29:37,025 INFO Prediction made.
2024-10-28 22:29:37,069 INFO Prediction made.
